<?xml version="1.0" encoding="UTF-8"?>
<!-- Generated by org.testng.reporters.JUnitReportReporter -->
<testsuite skipped="1" hostname="SONY-VAIO" name="databaseConnecting.DatabaseConnectionWithSQLServer" tests="2" failures="0" timestamp="24 Mar 2018 10:30:22 GMT" time="1.348" errors="0">
  <testcase name="SQLServerDBConnection" time="1.348" classname="databaseConnecting.DatabaseConnectionWithSQLServer"/>
  <testcase name="TestDB" classname="databaseConnecting.DatabaseConnectionWithSQLServer">
    <skipped/>
  </testcase> <!-- TestDB -->
</testsuite> <!-- databaseConnecting.DatabaseConnectionWithSQLServer -->
